<?xml version="1.0" encoding="UTF-8"?>
<!-- Generated by org.testng.reporters.JUnitXMLReporter -->
<testsuite hostname="TCGBNENLT0019" ignored="0" name="Test" tests="10" failures="0" timestamp="2021-06-27T17:45:12 IST" time="273.072" errors="0">
  <testcase name="unathorizedUser" time="8.786" classname="org.Final.TestCases.E2E_IMDB_TC_001_Not_Authorized"/>
  <testcase name="newAccountCreation" time="8.303" classname="org.Final.TestCases.E2E_IMDB_TC_002_New_Account_Creation"/>
  <testcase name="checkOTPEmail" time="10.381" classname="org.Final.TestCases.E2E_IMDB_TC_003_Check_for_OTP"/>
  <testcase name="athorizedUser" time="6.135" classname="org.Final.TestCases.E2E_IMDB_TC_004_Authorized_User"/>
  <testcase name="athorizedUserwithInvalidPassword" time="7.145" classname="org.Final.TestCases.E2E_IMDB_TC_005_Authorized_User_with_Invalid_Username_Password"/>
  <testcase name="athorizedUserwithBlankPassword" time="6.508" classname="org.Final.TestCases.E2E_IMDB_TC_006_Authorized_User_with_Blank_or_Invalid_Password"/>
  <testcase name="athorizedUser_TopRatedMovies" time="14.761" classname="org.Final.TestCases.E2E_IMDB_TC_007_Authorized_User_Navigate_to_Top_Rated_Movies"/>
  <testcase name="athorizedUser_Release_Dropdown" time="33.027" classname="org.Final.TestCases.E2E_IMDB_TC_008_Authorized_User_Sort_Movies_by_Release_Dropdown"/>
  <testcase name="athorizedUser_SortedList_lastElement" time="31.894" classname="org.Final.TestCases.E2E_IMDB_TC_009_Authorized_User_Last_Movie_from_Sorted_List"/>
  <testcase name="athorizedUser_Print_ReleaseDate" time="35.741" classname="org.Final.TestCases.E2E_IMDB_TC_010_Authorized_User_Last_Print_Release_Date"/>
</testsuite> <!-- Test -->
